[INFO] Scanning for projects...
[INFO] 
[INFO] ------------< com.example:CorporateTravelManagementSystem >-------------
[INFO] Building  0.0.1-SNAPSHOT
[INFO]   from pom.xml
[INFO] --------------------------------[ jar ]---------------------------------
[INFO] 
[INFO] >>> spring-boot:3.5.0:run (default-cli) > test-compile @ CorporateTravelManagementSystem >>>
[INFO] 
[INFO] --- resources:3.3.1:resources (default-resources) @ CorporateTravelManagementSystem ---
[INFO] Copying 1 resource from src\main\resources to target\classes
[INFO] Copying 0 resource from src\main\resources to target\classes
[INFO] 
[INFO] --- compiler:3.14.0:compile (default-compile) @ CorporateTravelManagementSystem ---
[INFO] Nothing to compile - all classes are up to date.
[INFO] 
[INFO] --- resources:3.3.1:testResources (default-testResources) @ CorporateTravelManagementSystem ---
[INFO] skip non existing resourceDirectory C:\Users\heman\OneDrive\Desktop\Mock Hackathon(HCL)\hcl-mock\CorporateTravelManagementSystem\src\test\resources
[INFO] 
[INFO] --- compiler:3.14.0:testCompile (default-testCompile) @ CorporateTravelManagementSystem ---
[INFO] Nothing to compile - all classes are up to date.
[INFO] 
[INFO] <<< spring-boot:3.5.0:run (default-cli) < test-compile @ CorporateTravelManagementSystem <<<
[INFO] 
[INFO] 
[INFO] --- spring-boot:3.5.0:run (default-cli) @ CorporateTravelManagementSystem ---
[INFO] Attaching agents: []

  .   ____          _            __ _ _
 /\\ / ___'_ __ _ _(_)_ __  __ _ \ \ \ \
( ( )\___ | '_ | '_| | '_ \/ _` | \ \ \ \
 \\/  ___)| |_)| | | | | || (_| |  ) ) ) )
  '  |____| .__|_| |_|_| |_\__, | / / / /
 =========|_|==============|___/=/_/_/_/

 :: Spring Boot ::                (v3.5.0)

2026-04-20T16:04:31.362+05:30  INFO 9864 --- [CorporateTravelManagementSystem] [           main] rporateTravelManagementSystemApplication : Starting CorporateTravelManagementSystemApplication using Java 21.0.2 with PID 9864 (C:\Users\heman\OneDrive\Desktop\Mock Hackathon(HCL)\hcl-mock\CorporateTravelManagementSystem\target\classes started by heman in C:\Users\heman\OneDrive\Desktop\Mock Hackathon(HCL)\hcl-mock\CorporateTravelManagementSystem)
2026-04-20T16:04:31.371+05:30  INFO 9864 --- [CorporateTravelManagementSystem] [           main] rporateTravelManagementSystemApplication : No active profile set, falling back to 1 default profile: "default"
2026-04-20T16:04:31.373+05:30 DEBUG 9864 --- [CorporateTravelManagementSystem] [           main] o.s.boot.SpringApplication               : Loading source class com.example.CorporateTravelManagementSystem.CorporateTravelManagementSystemApplication
2026-04-20T16:04:31.503+05:30 DEBUG 9864 --- [CorporateTravelManagementSystem] [           main] ConfigServletWebServerApplicationContext : Refreshing org.springframework.boot.web.servlet.context.AnnotationConfigServletWebServerApplicationContext@352ff4da
